<?xml version="1.0" encoding="UTF-8"?>
<!-- Generated by org.testng.reporters.JUnitReportReporter -->
<testsuite skipped="0" hostname="DESKTOP-D1NECJQ" name="runner.TestRuner" tests="1" failures="0" timestamp="11 Apr 2023 12:37:16 GMT" time="70.764" errors="0">
  <testcase name="runScenario" time="70.764" classname="runner.TestRuner"/>
</testsuite> <!-- runner.TestRuner -->
